2020-May-23 10:02:09.310 INFO  [restartedMain] com.htc.par.logging.LoggingAspect - The method getPasswordEncoder() begins with []
2020-May-23 10:02:09.310 INFO  [restartedMain] com.htc.par.logging.LoggingAspect - Signature declaring type : com.htc.par.config.ParSecurityConfiguration
2020-May-23 10:02:09.310 INFO  [restartedMain] com.htc.par.logging.LoggingAspect - Signature name : getPasswordEncoder
2020-May-23 10:02:09.310 INFO  [restartedMain] com.htc.par.logging.LoggingAspect - Arguments : []
2020-May-23 10:02:09.310 INFO  [restartedMain] com.htc.par.logging.LoggingAspect - Target class : com.htc.par.config.ParSecurityConfiguration$$EnhancerBySpringCGLIB$$a52af8ad
2020-May-23 10:02:09.316 INFO  [restartedMain] com.htc.par.logging.LoggingAspect - The method getPasswordEncoder() ends with org.springframework.security.crypto.bcrypt.BCryptPasswordEncoder@5ebfb820
2020-May-23 10:02:09.316 INFO  [restartedMain] com.htc.par.logging.LoggingAspect - Exiting from Method :getPasswordEncoder
2020-May-23 10:02:09.316 INFO  [restartedMain] com.htc.par.logging.LoggingAspect - Return value :org.springframework.security.crypto.bcrypt.BCryptPasswordEncoder@5ebfb820
2020-May-23 10:02:09.348 INFO  [restartedMain] com.htc.par.logging.LoggingAspect - The method getAuthenticationProvider() begins with []
2020-May-23 10:02:09.348 INFO  [restartedMain] com.htc.par.logging.LoggingAspect - Signature declaring type : com.htc.par.config.ParSecurityConfiguration
2020-May-23 10:02:09.348 INFO  [restartedMain] com.htc.par.logging.LoggingAspect - Signature name : getAuthenticationProvider
2020-May-23 10:02:09.348 INFO  [restartedMain] com.htc.par.logging.LoggingAspect - Arguments : []
2020-May-23 10:02:09.348 INFO  [restartedMain] com.htc.par.logging.LoggingAspect - Target class : com.htc.par.config.ParSecurityConfiguration$$EnhancerBySpringCGLIB$$a52af8ad
2020-May-23 10:02:09.364 INFO  [restartedMain] com.htc.par.logging.LoggingAspect - The method getAppUserDetailService() begins with []
2020-May-23 10:02:09.364 INFO  [restartedMain] com.htc.par.logging.LoggingAspect - Signature declaring type : com.htc.par.config.ParSecurityConfiguration
2020-May-23 10:02:09.364 INFO  [restartedMain] com.htc.par.logging.LoggingAspect - Signature name : getAppUserDetailService
2020-May-23 10:02:09.364 INFO  [restartedMain] com.htc.par.logging.LoggingAspect - Arguments : []
2020-May-23 10:02:09.364 INFO  [restartedMain] com.htc.par.logging.LoggingAspect - Target class : com.htc.par.config.ParSecurityConfiguration$$EnhancerBySpringCGLIB$$a52af8ad
2020-May-23 10:02:09.364 INFO  [restartedMain] com.htc.par.logging.LoggingAspect - The method getAppUserDetailService() ends with com.htc.par.service.impl.AppUserDetailService@58288ad7
2020-May-23 10:02:09.365 INFO  [restartedMain] com.htc.par.logging.LoggingAspect - Exiting from Method :getAppUserDetailService
2020-May-23 10:02:09.365 INFO  [restartedMain] com.htc.par.logging.LoggingAspect - Return value :com.htc.par.service.impl.AppUserDetailService@58288ad7
2020-May-23 10:02:09.367 INFO  [restartedMain] com.htc.par.logging.LoggingAspect - The method getAuthenticationProvider() ends with org.springframework.security.authentication.dao.DaoAuthenticationProvider@852f4b4
2020-May-23 10:02:09.367 INFO  [restartedMain] com.htc.par.logging.LoggingAspect - Exiting from Method :getAuthenticationProvider
2020-May-23 10:02:09.367 INFO  [restartedMain] com.htc.par.logging.LoggingAspect - Return value :org.springframework.security.authentication.dao.DaoAuthenticationProvider@852f4b4
2020-Jun-04 19:55:27.012 INFO  [restartedMain] com.htc.par.logging.LoggingAspect - The method getPasswordEncoder() begins with []
2020-Jun-04 19:55:27.012 INFO  [restartedMain] com.htc.par.logging.LoggingAspect - Signature declaring type : com.htc.par.config.ParSecurityConfiguration
2020-Jun-04 19:55:27.012 INFO  [restartedMain] com.htc.par.logging.LoggingAspect - Signature name : getPasswordEncoder
2020-Jun-04 19:55:27.012 INFO  [restartedMain] com.htc.par.logging.LoggingAspect - Arguments : []
2020-Jun-04 19:55:27.012 INFO  [restartedMain] com.htc.par.logging.LoggingAspect - Target class : com.htc.par.config.ParSecurityConfiguration$$EnhancerBySpringCGLIB$$302669c3
2020-Jun-04 19:55:27.073 INFO  [restartedMain] com.htc.par.logging.LoggingAspect - The method getPasswordEncoder() ends with org.springframework.security.crypto.bcrypt.BCryptPasswordEncoder@59c9741a
2020-Jun-04 19:55:27.074 INFO  [restartedMain] com.htc.par.logging.LoggingAspect - Exiting from Method :getPasswordEncoder
2020-Jun-04 19:55:27.074 INFO  [restartedMain] com.htc.par.logging.LoggingAspect - Return value :org.springframework.security.crypto.bcrypt.BCryptPasswordEncoder@59c9741a
2020-Jun-04 19:55:27.132 INFO  [restartedMain] com.htc.par.logging.LoggingAspect - The method getAuthenticationProvider() begins with []
2020-Jun-04 19:55:27.132 INFO  [restartedMain] com.htc.par.logging.LoggingAspect - Signature declaring type : com.htc.par.config.ParSecurityConfiguration
2020-Jun-04 19:55:27.132 INFO  [restartedMain] com.htc.par.logging.LoggingAspect - Signature name : getAuthenticationProvider
2020-Jun-04 19:55:27.132 INFO  [restartedMain] com.htc.par.logging.LoggingAspect - Arguments : []
2020-Jun-04 19:55:27.132 INFO  [restartedMain] com.htc.par.logging.LoggingAspect - Target class : com.htc.par.config.ParSecurityConfiguration$$EnhancerBySpringCGLIB$$302669c3
2020-Jun-04 19:55:27.154 INFO  [restartedMain] com.htc.par.logging.LoggingAspect - The method getAppUserDetailService() begins with []
2020-Jun-04 19:55:27.154 INFO  [restartedMain] com.htc.par.logging.LoggingAspect - Signature declaring type : com.htc.par.config.ParSecurityConfiguration
2020-Jun-04 19:55:27.154 INFO  [restartedMain] com.htc.par.logging.LoggingAspect - Signature name : getAppUserDetailService
2020-Jun-04 19:55:27.154 INFO  [restartedMain] com.htc.par.logging.LoggingAspect - Arguments : []
2020-Jun-04 19:55:27.154 INFO  [restartedMain] com.htc.par.logging.LoggingAspect - Target class : com.htc.par.config.ParSecurityConfiguration$$EnhancerBySpringCGLIB$$302669c3
2020-Jun-04 19:55:27.154 INFO  [restartedMain] com.htc.par.logging.LoggingAspect - The method getAppUserDetailService() ends with com.htc.par.service.impl.AppUserDetailService@429ce219
2020-Jun-04 19:55:27.154 INFO  [restartedMain] com.htc.par.logging.LoggingAspect - Exiting from Method :getAppUserDetailService
2020-Jun-04 19:55:27.154 INFO  [restartedMain] com.htc.par.logging.LoggingAspect - Return value :com.htc.par.service.impl.AppUserDetailService@429ce219
2020-Jun-04 19:55:27.158 INFO  [restartedMain] com.htc.par.logging.LoggingAspect - The method getAuthenticationProvider() ends with org.springframework.security.authentication.dao.DaoAuthenticationProvider@7265c6c9
2020-Jun-04 19:55:27.159 INFO  [restartedMain] com.htc.par.logging.LoggingAspect - Exiting from Method :getAuthenticationProvider
2020-Jun-04 19:55:27.159 INFO  [restartedMain] com.htc.par.logging.LoggingAspect - Return value :org.springframework.security.authentication.dao.DaoAuthenticationProvider@7265c6c9
